Arguments: 
  /Users/u755000/.nvm/versions/node/v16.15.0/bin/node /opt/homebrew/Cellar/yarn/1.22.18/libexec/bin/yarn.js

PATH: 
  /Users/u755000/.nvm/versions/node/v16.15.0/bin:/opt/homebrew/bin:/opt/homebrew/sbin:/usr/local/bin:/usr/bin:/bin:/usr/sbin:/sbin:/usr/local/laps:/usr/local/munki:/Applications/Privileges.app/Contents/Resources

Yarn version: 
  1.22.18

Node version: 
  16.15.0

Platform: 
  darwin arm64

Trace: 
  Error: https://registry.yarnpkg.com/@types%2fvscode: tunneling socket could not be established, statusCode=503
      at ClientRequest.onConnect (/opt/homebrew/Cellar/yarn/1.22.18/libexec/lib/cli.js:152358:19)
      at Object.onceWrapper (node:events:642:26)
      at ClientRequest.emit (node:events:527:28)
      at Socket.socketOnData (node:_http_client:534:11)
      at Socket.emit (node:events:527:28)
      at addChunk (node:internal/streams/readable:315:12)
      at readableAddChunk (node:internal/streams/readable:289:9)
      at Socket.Readable.push (node:internal/streams/readable:228:10)
      at TCP.onStreamRead (node:internal/stream_base_commons:190:23)

npm manifest: 
  {
    "name": "autotests",
    "displayName": "AutoTests",
    "description": "",
    "version": "0.0.1",
    "engines": {
      "vscode": "^1.71.0"
    },
    "categories": [
      "Other"
    ],
    "activationEvents": [
      "onCommand:autotests.helloWorld"
    ],
    "main": "./out/extension.js",
    "contributes": {
      "commands": [
        {
          "command": "autotests.helloWorld",
          "title": "Hello World"
        }
      ]
    },
    "scripts": {
      "vscode:prepublish": "yarn run compile",
      "compile": "tsc -p ./",
      "watch": "tsc -watch -p ./",
      "pretest": "yarn run compile && yarn run lint",
      "lint": "eslint src --ext ts",
      "test": "node ./out/test/runTest.js"
    },
    "devDependencies": {
      "@types/vscode": "^1.71.0",
      "@types/glob": "^8.0.0",
      "@types/mocha": "^10.0.0",
      "@types/node": "16.x",
      "@typescript-eslint/eslint-plugin": "^5.38.1",
      "@typescript-eslint/parser": "^5.38.1",
      "eslint": "^8.24.0",
      "glob": "^8.0.3",
      "mocha": "^10.0.0",
      "typescript": "^4.8.4",
      "@vscode/test-electron": "^2.1.5"
    }
  }

yarn manifest: 
  No manifest

Lockfile: 
  No lockfile
